<?xml version="1.0" encoding="UTF-8"?>
<testsuite xmlns:xsi="http://www.w3.org/2001/XMLSchema-instance" xsi:noNamespaceSchemaLocation="https://maven.apache.org/surefire/maven-surefire-plugin/xsd/surefire-test-report.xsd" name="com.base2.runners.RunCucumberTest" time="84.169" tests="3" errors="0" skipped="0" failures="0">
  <properties>
[...]
</properties>
  <testcase name=": Login com sucesso" classname="Login no sistema Mantis" time="33.431"/>
  <testcase name="Usuário verifica se a nova tarefa foi incluida na listagem com sucesso" classname="Verificar a listagem de tarefas" time="27.841"/>
  <testcase name="Usuário cria uma nova tarefa com sucesso" classname="Criar nova tarefa no Mantis" time="19.853"/>
</testsuite>